<?xml version="1.0" encoding="UTF-8"?>
<testsuite name="OCRTest" tests="1" skipped="0" failures="0" errors="0" timestamp="2020-07-04T12:18:46" hostname="AZEROT" time="0.029">
  <properties/>
  <testcase name="shouldReturnFalseForCheckSum()" classname="OCRTest" time="0.029"/>
  <system-out><![CDATA[]]></system-out>
  <system-err><![CDATA[]]></system-err>
</testsuite>
