<?xml version="1.0" encoding="UTF-8"?>
<testsuite name="OCRTest" tests="1" skipped="0" failures="0" errors="0" timestamp="2020-07-18T11:56:36" hostname="AZEROT" time="0.215">
  <properties/>
  <testcase name="shouldNotReturnValueFigure()" classname="OCRTest" time="0.215"/>
  <system-out><![CDATA[]]></system-out>
  <system-err><![CDATA[]]></system-err>
</testsuite>
